<?xml version="1.0" encoding="UTF-8"?>
<!-- Generated by org.testng.reporters.JUnitReportReporter -->
<testsuite hostname="Naresh" failures="0" tests="2" name="test.NewTest" time="2.996" errors="0" timestamp="2023-12-28T07:21:52 IST" skipped="0">
  <testcase classname="test.NewTest" name="loginToApplication" time="0.666"/>
  <system-out/>
  <testcase classname="test.NewTest" name="validateHomePage" time="2.330"/>
  <system-out/>
</testsuite> <!-- test.NewTest -->
