<?xml version="1.0" encoding="UTF-8"?>
<!-- Generated by org.testng.reporters.JUnitReportReporter -->
<testsuite hostname="Naresh" failures="0" tests="1" name="com.naresh.NewTest" time="5.302" errors="0" timestamp="2023-12-27T21:17:49 IST" skipped="0">
  <testcase classname="com.naresh.NewTest" name="verifySearchButton" time="5.302"/>
  <system-out/>
</testsuite> <!-- com.naresh.NewTest -->
